
--------------------------------------------------
0
episode_actions shape: torch.Size([1092, 14])
	max: [15.47, 137.81, 131.31, 2.02, 45.09, 44.91, 102.04, 15.29, 132.71, 132.8, 1.05, 59.41, 21.36, 102.03]
	min: [-5.1, 85.52, 116.46, -16.35, 12.3, -1.76, 4.93, 6.15, 80.42, 99.67, -0.62, 8.35, -14.85, 1.35]
	mean: [4.97, 100.49, 125.1, -9.73, 36.06, 26.25, 30.9, 9.8, 102.65, 116.28, -0.08, 49.56, 7.49, 48.77]
	med: [2.81, 95.71, 125.77, -13.8, 40.08, 19.16, 12.76, 9.14, 95.89, 114.87, -0.26, 54.32, 16.0, 48.22]
episode_states shape: torch.Size([53469, 14])
	max: [0.35, 0.4, 2.93, 0.67, 0.79, 0.18, 98.45, 0.53, 0.26, 2.97, 0.22, 1.04, 1.67, 100.47]
	min: [-0.31, -1.03, 1.95, -0.23, -1.52, -0.86, 53.18, -0.27, -0.99, 1.66, -0.97, -0.8, -0.37, 25.71]
	mean: [-0.03, -0.29, 2.59, 0.02, -0.07, -0.12, 66.55, 0.06, -0.33, 2.43, -0.02, 0.14, 0.2, 60.09]
	med: [-0.04, -0.29, 2.61, -0.01, -0.11, -0.1, 57.21, 0.05, -0.32, 2.51, -0.0, 0.19, 0.13, 64.67]
--------------------------------------------------


--------------------------------------------------
1
episode_actions shape: torch.Size([1030, 14])
	max: [10.63, 148.18, 136.76, -1.85, 41.57, 18.02, 102.04, 5.98, 137.29, 143.26, -0.26, 52.47, 2.2, 101.52]
	min: [-5.36, 86.84, 106.08, -16.08, 14.41, 2.9, 13.44, -1.49, 87.01, 110.83, -1.49, 6.68, -8.09, 1.35]
	mean: [3.78, 105.17, 122.09, -10.85, 33.59, 10.25, 40.97, 1.57, 111.91, 124.61, -0.81, 33.37, -4.03, 50.9]
	med: [4.48, 101.69, 124.37, -13.71, 34.37, 11.25, 19.39, 1.05, 109.07, 123.84, -0.79, 25.75, -5.01, 75.63]
episode_states shape: torch.Size([53469, 14])
	max: [0.35, 0.4, 2.93, 0.67, 0.79, 0.18, 98.45, 0.53, 0.26, 2.97, 0.22, 1.04, 1.67, 100.47]
	min: [-0.31, -1.03, 1.95, -0.23, -1.52, -0.86, 53.18, -0.27, -0.99, 1.66, -0.97, -0.8, -0.37, 25.71]
	mean: [-0.03, -0.29, 2.59, 0.02, -0.07, -0.12, 66.55, 0.06, -0.33, 2.43, -0.02, 0.14, 0.2, 60.09]
	med: [-0.04, -0.29, 2.61, -0.01, -0.11, -0.1, 57.21, 0.05, -0.32, 2.51, -0.0, 0.19, 0.13, 64.67]
--------------------------------------------------


--------------------------------------------------
2
episode_actions shape: torch.Size([1248, 14])
	max: [6.59, 142.73, 161.46, 3.87, 21.09, 12.13, 92.52, 9.84, 146.87, 158.47, 1.58, 27.07, 12.13, 89.85]
	min: [-9.58, 83.58, 122.96, -6.86, -9.05, -3.08, 1.87, 3.16, 96.68, 124.45, -1.58, 8.0, -10.2, 1.35]
	mean: [-2.21, 103.83, 144.04, 0.09, -1.15, 2.27, 32.68, 6.74, 127.63, 138.32, -0.48, 16.65, 0.42, 54.69]
	med: [-1.67, 100.2, 144.4, 0.88, -6.86, 1.58, 5.44, 6.33, 137.99, 134.56, -0.53, 16.0, -2.81, 70.9]
episode_states shape: torch.Size([53469, 14])
	max: [0.35, 0.4, 2.93, 0.67, 0.79, 0.18, 98.45, 0.53, 0.26, 2.97, 0.22, 1.04, 1.67, 100.47]
	min: [-0.31, -1.03, 1.95, -0.23, -1.52, -0.86, 53.18, -0.27, -0.99, 1.66, -0.97, -0.8, -0.37, 25.71]
	mean: [-0.03, -0.29, 2.59, 0.02, -0.07, -0.12, 66.55, 0.06, -0.33, 2.43, -0.02, 0.14, 0.2, 60.09]
	med: [-0.04, -0.29, 2.61, -0.01, -0.11, -0.1, 57.21, 0.05, -0.32, 2.51, -0.0, 0.19, 0.13, 64.67]
--------------------------------------------------


--------------------------------------------------
3
episode_actions shape: torch.Size([731, 14])
	max: [0.62, 121.64, 156.09, 0.35, 8.35, 1.49, 101.19, 13.89, 134.3, 156.36, 0.35, 20.92, 3.87, 69.37]
	min: [-8.26, 90.26, 135.62, -12.66, -19.25, -5.36, 6.12, 0.09, 88.68, 121.99, -0.97, -8.79, -9.84, 1.35]
	mean: [-4.81, 99.98, 145.3, -8.74, -10.7, -1.2, 41.19, 4.96, 111.35, 140.02, -0.24, 8.35, -0.66, 37.62]
	med: [-4.31, 95.1, 146.6, -11.07, -8.96, 0.09, 19.56, 3.96, 103.71, 143.79, -0.26, 8.88, -0.18, 68.36]
episode_states shape: torch.Size([53469, 14])
	max: [0.35, 0.4, 2.93, 0.67, 0.79, 0.18, 98.45, 0.53, 0.26, 2.97, 0.22, 1.04, 1.67, 100.47]
	min: [-0.31, -1.03, 1.95, -0.23, -1.52, -0.86, 53.18, -0.27, -0.99, 1.66, -0.97, -0.8, -0.37, 25.71]
	mean: [-0.03, -0.29, 2.59, 0.02, -0.07, -0.12, 66.55, 0.06, -0.33, 2.43, -0.02, 0.14, 0.2, 60.09]
	med: [-0.04, -0.29, 2.61, -0.01, -0.11, -0.1, 57.21, 0.05, -0.32, 2.51, -0.0, 0.19, 0.13, 64.67]
--------------------------------------------------


--------------------------------------------------
4
episode_actions shape: torch.Size([751, 14])
	max: [1.76, 125.33, 158.99, -7.82, -15.12, 5.19, 101.53, 11.6, 131.66, 157.76, 0.44, 19.6, 5.8, 83.59]
	min: [-6.77, 76.11, 137.02, -9.4, -58.01, 2.37, 29.59, -2.55, 89.03, 124.63, -1.49, -13.45, -8.61, 1.35]
	mean: [-2.53, 104.8, 148.05, -8.65, -23.49, 3.8, 50.97, 1.42, 115.1, 144.54, -0.33, 2.61, 0.09, 43.58]
	med: [-4.04, 105.73, 146.43, -8.61, -15.21, 3.52, 29.76, 0.7, 113.64, 149.59, -0.26, -5.54, 0.88, 62.77]
episode_states shape: torch.Size([53469, 14])
	max: [0.35, 0.4, 2.93, 0.67, 0.79, 0.18, 98.45, 0.53, 0.26, 2.97, 0.22, 1.04, 1.67, 100.47]
	min: [-0.31, -1.03, 1.95, -0.23, -1.52, -0.86, 53.18, -0.27, -0.99, 1.66, -0.97, -0.8, -0.37, 25.71]
	mean: [-0.03, -0.29, 2.59, 0.02, -0.07, -0.12, 66.55, 0.06, -0.33, 2.43, -0.02, 0.14, 0.2, 60.09]
	med: [-0.04, -0.29, 2.61, -0.01, -0.11, -0.1, 57.21, 0.05, -0.32, 2.51, -0.0, 0.19, 0.13, 64.67]
--------------------------------------------------


--------------------------------------------------
5
episode_actions shape: torch.Size([961, 14])
	max: [-1.23, 135.79, 161.1, -7.65, 2.72, 4.39, 84.69, 11.51, 141.77, 169.54, 0.35, 31.2, 3.25, 71.07]
	min: [-8.96, 86.22, 142.73, -11.16, -27.6, -0.09, 21.09, -4.66, 90.18, 116.37, -1.85, -6.86, -18.19, 1.35]
	mean: [-5.43, 104.49, 150.24, -9.47, -15.47, 2.03, 48.04, 0.35, 116.09, 141.96, -0.59, 9.73, -4.38, 42.16]
	med: [-5.89, 101.16, 150.64, -9.4, -13.8, 2.2, 27.38, -0.7, 123.57, 143.7, -0.53, 0.7, -1.32, 61.25]
episode_states shape: torch.Size([53469, 14])
	max: [0.35, 0.4, 2.93, 0.67, 0.79, 0.18, 98.45, 0.53, 0.26, 2.97, 0.22, 1.04, 1.67, 100.47]
	min: [-0.31, -1.03, 1.95, -0.23, -1.52, -0.86, 53.18, -0.27, -0.99, 1.66, -0.97, -0.8, -0.37, 25.71]
	mean: [-0.03, -0.29, 2.59, 0.02, -0.07, -0.12, 66.55, 0.06, -0.33, 2.43, -0.02, 0.14, 0.2, 60.09]
	med: [-0.04, -0.29, 2.61, -0.01, -0.11, -0.1, 57.21, 0.05, -0.32, 2.51, -0.0, 0.19, 0.13, 64.67]
--------------------------------------------------


--------------------------------------------------
6
episode_actions shape: torch.Size([1008, 14])
	max: [18.28, 123.4, 166.38, 2.99, -10.99, 22.68, 102.21, 9.67, 129.02, 151.96, 0.97, 29.27, -1.14, 60.58]
	min: [-18.28, 84.29, 144.84, -6.33, -34.63, -1.23, 3.4, -9.76, 88.95, 116.72, -2.11, -13.27, -31.2, 1.35]
	mean: [-2.34, 104.11, 152.19, 0.17, -16.11, 4.4, 37.84, -4.08, 107.41, 138.48, -0.1, 7.23, -13.47, 36.82]
	med: [-4.57, 105.64, 151.7, 0.7, -12.22, 3.96, 5.61, -7.91, 112.32, 141.42, -0.44, 8.7, -12.83, 60.41]
episode_states shape: torch.Size([53469, 14])
	max: [0.35, 0.4, 2.93, 0.67, 0.79, 0.18, 98.45, 0.53, 0.26, 2.97, 0.22, 1.04, 1.67, 100.47]
	min: [-0.31, -1.03, 1.95, -0.23, -1.52, -0.86, 53.18, -0.27, -0.99, 1.66, -0.97, -0.8, -0.37, 25.71]
	mean: [-0.03, -0.29, 2.59, 0.02, -0.07, -0.12, 66.55, 0.06, -0.33, 2.43, -0.02, 0.14, 0.2, 60.09]
	med: [-0.04, -0.29, 2.61, -0.01, -0.11, -0.1, 57.21, 0.05, -0.32, 2.51, -0.0, 0.19, 0.13, 64.67]
--------------------------------------------------


--------------------------------------------------
7
episode_actions shape: torch.Size([901, 14])
	max: [7.03, 137.46, 160.84, 2.99, -2.64, 10.2, 95.92, 6.94, 136.32, 154.78, 0.88, 33.75, -0.88, 69.2]
	min: [-2.2, 90.35, 139.39, 0.0, -16.88, 0.18, 4.76, -7.56, 90.79, 121.46, -1.41, -7.12, -33.05, 1.35]
	mean: [2.19, 108.98, 148.6, 0.74, -8.74, 2.14, 31.29, -3.78, 111.54, 141.36, 0.03, 9.02, -13.8, 41.11]
	med: [1.14, 108.46, 149.33, 0.53, -10.46, 1.23, 4.93, -5.45, 108.28, 142.91, 0.09, 10.9, -10.72, 63.45]
episode_states shape: torch.Size([53469, 14])
	max: [0.35, 0.4, 2.93, 0.67, 0.79, 0.18, 98.45, 0.53, 0.26, 2.97, 0.22, 1.04, 1.67, 100.47]
	min: [-0.31, -1.03, 1.95, -0.23, -1.52, -0.86, 53.18, -0.27, -0.99, 1.66, -0.97, -0.8, -0.37, 25.71]
	mean: [-0.03, -0.29, 2.59, 0.02, -0.07, -0.12, 66.55, 0.06, -0.33, 2.43, -0.02, 0.14, 0.2, 60.09]
	med: [-0.04, -0.29, 2.61, -0.01, -0.11, -0.1, 57.21, 0.05, -0.32, 2.51, -0.0, 0.19, 0.13, 64.67]
--------------------------------------------------


--------------------------------------------------
8
episode_actions shape: torch.Size([1104, 14])
	max: [15.56, 131.48, 153.37, 2.46, 37.88, 36.91, 91.84, 5.8, 131.4, 154.51, 4.13, 36.12, 1.67, 84.43]
	min: [-5.19, 86.4, 128.5, -25.75, -20.92, 0.0, 3.06, -7.65, 93.25, 122.96, -1.41, -2.11, -42.63, 1.35]
	mean: [-0.68, 103.02, 145.7, -19.47, -5.15, 23.15, 38.93, -2.43, 114.11, 140.44, 0.79, 8.66, -9.22, 59.35]
	med: [-2.81, 102.74, 148.27, -25.4, -15.21, 21.62, 3.23, -2.72, 121.03, 140.45, -0.26, 1.58, -2.29, 81.56]
episode_states shape: torch.Size([53469, 14])
	max: [0.35, 0.4, 2.93, 0.67, 0.79, 0.18, 98.45, 0.53, 0.26, 2.97, 0.22, 1.04, 1.67, 100.47]
	min: [-0.31, -1.03, 1.95, -0.23, -1.52, -0.86, 53.18, -0.27, -0.99, 1.66, -0.97, -0.8, -0.37, 25.71]
	mean: [-0.03, -0.29, 2.59, 0.02, -0.07, -0.12, 66.55, 0.06, -0.33, 2.43, -0.02, 0.14, 0.2, 60.09]
	med: [-0.04, -0.29, 2.61, -0.01, -0.11, -0.1, 57.21, 0.05, -0.32, 2.51, -0.0, 0.19, 0.13, 64.67]
--------------------------------------------------


--------------------------------------------------
9
episode_actions shape: torch.Size([1061, 14])
	max: [5.45, 128.06, 154.07, -9.93, 13.45, 15.73, 100.0, 1.49, 125.24, 148.27, 52.47, 49.83, 1.05, 100.0]
	min: [-20.13, 85.87, 136.85, -11.78, -17.58, 10.55, 3.91, -27.95, 86.66, 123.93, -0.88, -13.62, -84.02, 1.35]
	mean: [-4.66, 106.2, 147.22, -10.81, -7.66, 13.15, 29.49, -13.27, 104.97, 136.73, 31.65, 13.67, -43.79, 49.44]
	med: [-5.98, 107.49, 148.8, -10.81, -7.29, 12.57, 8.67, -11.6, 103.97, 137.72, 47.9, 19.51, -57.22, 65.65]
episode_states shape: torch.Size([53469, 14])
	max: [0.35, 0.4, 2.93, 0.67, 0.79, 0.18, 98.45, 0.53, 0.26, 2.97, 0.22, 1.04, 1.67, 100.47]
	min: [-0.31, -1.03, 1.95, -0.23, -1.52, -0.86, 53.18, -0.27, -0.99, 1.66, -0.97, -0.8, -0.37, 25.71]
	mean: [-0.03, -0.29, 2.59, 0.02, -0.07, -0.12, 66.55, 0.06, -0.33, 2.43, -0.02, 0.14, 0.2, 60.09]
	med: [-0.04, -0.29, 2.61, -0.01, -0.11, -0.1, 57.21, 0.05, -0.32, 2.51, -0.0, 0.19, 0.13, 64.67]
--------------------------------------------------


--------------------------------------------------
10
episode_actions shape: torch.Size([753, 14])
	max: [5.01, 131.04, 155.13, -9.84, 6.77, 12.83, 84.52, 6.59, 129.02, 148.18, 0.62, 38.76, 0.62, 66.33]
	min: [-5.27, 91.58, 143.0, -12.04, -17.23, 8.88, 4.25, -4.57, 86.22, 107.4, -0.97, -12.13, -24.52, 1.35]
	mean: [0.72, 110.58, 149.85, -10.86, -6.27, 10.48, 30.04, -1.06, 107.2, 133.56, -0.19, 16.07, -9.46, 34.83]
	med: [0.44, 109.16, 151.08, -10.81, -4.57, 9.76, 10.03, -3.96, 102.39, 141.33, -0.18, 18.98, -7.21, 57.7]
episode_states shape: torch.Size([53469, 14])
	max: [0.35, 0.4, 2.93, 0.67, 0.79, 0.18, 98.45, 0.53, 0.26, 2.97, 0.22, 1.04, 1.67, 100.47]
	min: [-0.31, -1.03, 1.95, -0.23, -1.52, -0.86, 53.18, -0.27, -0.99, 1.66, -0.97, -0.8, -0.37, 25.71]
	mean: [-0.03, -0.29, 2.59, 0.02, -0.07, -0.12, 66.55, 0.06, -0.33, 2.43, -0.02, 0.14, 0.2, 60.09]
	med: [-0.04, -0.29, 2.61, -0.01, -0.11, -0.1, 57.21, 0.05, -0.32, 2.51, -0.0, 0.19, 0.13, 64.67]
--------------------------------------------------


--------------------------------------------------
11
episode_actions shape: torch.Size([997, 14])
	max: [7.91, 132.1, 160.14, 1.05, 30.32, 12.3, 102.21, 1.41, 128.5, 148.45, 1.32, 38.23, 2.2, 71.74]
	min: [-5.98, 93.16, 136.23, -14.59, -21.09, -10.9, 1.87, -11.6, 89.65, 122.43, -1.23, -15.91, -26.81, 1.35]
	mean: [4.24, 110.93, 149.11, -2.89, -0.19, 0.46, 31.58, -7.51, 108.29, 135.91, 0.09, 5.71, -10.7, 39.99]
	med: [5.62, 112.15, 149.24, 0.35, -1.93, 1.32, 1.87, -7.91, 110.21, 134.65, -0.09, 2.46, -8.0, 56.68]
episode_states shape: torch.Size([53469, 14])
	max: [0.35, 0.4, 2.93, 0.67, 0.79, 0.18, 98.45, 0.53, 0.26, 2.97, 0.22, 1.04, 1.67, 100.47]
	min: [-0.31, -1.03, 1.95, -0.23, -1.52, -0.86, 53.18, -0.27, -0.99, 1.66, -0.97, -0.8, -0.37, 25.71]
	mean: [-0.03, -0.29, 2.59, 0.02, -0.07, -0.12, 66.55, 0.06, -0.33, 2.43, -0.02, 0.14, 0.2, 60.09]
	med: [-0.04, -0.29, 2.61, -0.01, -0.11, -0.1, 57.21, 0.05, -0.32, 2.51, -0.0, 0.19, 0.13, 64.67]
--------------------------------------------------


--------------------------------------------------
12
episode_actions shape: torch.Size([1024, 14])
	max: [7.65, 129.73, 167.43, 1.23, 6.59, 8.44, 88.44, 3.96, 134.21, 155.13, 1.14, 30.85, -2.46, 88.49]
	min: [-5.71, 95.98, 130.43, -0.7, -14.5, 1.23, 2.38, -7.56, 78.93, 119.53, -1.23, -18.54, -30.32, 1.35]
	mean: [1.81, 113.21, 145.7, 0.41, -6.74, 4.87, 45.33, -4.38, 109.01, 138.41, 0.01, 18.46, -12.96, 23.12]
	med: [0.44, 114.52, 144.05, 0.35, -14.06, 4.83, 71.94, -6.5, 106.7, 138.16, 0.0, 23.91, -10.9, 1.52]
episode_states shape: torch.Size([53469, 14])
	max: [0.35, 0.4, 2.93, 0.67, 0.79, 0.18, 98.45, 0.53, 0.26, 2.97, 0.22, 1.04, 1.67, 100.47]
	min: [-0.31, -1.03, 1.95, -0.23, -1.52, -0.86, 53.18, -0.27, -0.99, 1.66, -0.97, -0.8, -0.37, 25.71]
	mean: [-0.03, -0.29, 2.59, 0.02, -0.07, -0.12, 66.55, 0.06, -0.33, 2.43, -0.02, 0.14, 0.2, 60.09]
	med: [-0.04, -0.29, 2.61, -0.01, -0.11, -0.1, 57.21, 0.05, -0.32, 2.51, -0.0, 0.19, 0.13, 64.67]
--------------------------------------------------


--------------------------------------------------
13
episode_actions shape: torch.Size([1003, 14])
	max: [7.82, 131.4, 161.98, 1.41, 5.8, 6.24, 80.78, -0.7, 130.17, 144.05, 56.51, 44.65, 1.23, 58.71]
	min: [-3.43, 87.28, 139.83, -2.2, -29.18, -2.9, 2.89, -30.76, 87.54, 108.98, -0.79, -10.9, -95.62, 1.35]
	mean: [3.89, 112.7, 150.01, -0.42, -7.31, 2.56, 26.04, -12.2, 109.09, 130.31, 14.49, 24.13, -32.76, 27.13]
	med: [4.75, 116.89, 151.17, -0.09, -11.25, 3.78, 14.29, -10.72, 105.73, 137.2, 5.98, 35.86, -21.45, 1.52]
episode_states shape: torch.Size([53469, 14])
	max: [0.35, 0.4, 2.93, 0.67, 0.79, 0.18, 98.45, 0.53, 0.26, 2.97, 0.22, 1.04, 1.67, 100.47]
	min: [-0.31, -1.03, 1.95, -0.23, -1.52, -0.86, 53.18, -0.27, -0.99, 1.66, -0.97, -0.8, -0.37, 25.71]
	mean: [-0.03, -0.29, 2.59, 0.02, -0.07, -0.12, 66.55, 0.06, -0.33, 2.43, -0.02, 0.14, 0.2, 60.09]
	med: [-0.04, -0.29, 2.61, -0.01, -0.11, -0.1, 57.21, 0.05, -0.32, 2.51, -0.0, 0.19, 0.13, 64.67]
--------------------------------------------------


--------------------------------------------------
14
episode_actions shape: torch.Size([1085, 14])
	max: [10.99, 131.31, 150.91, 13.45, 38.32, 9.05, 101.7, 1.58, 133.77, 152.58, 7.73, 32.78, -4.66, 101.52]
	min: [-14.5, 85.96, 130.78, -2.64, -16.08, -2.2, 2.55, -7.12, 91.23, 118.56, 5.71, -10.63, -23.64, 1.18]
	mean: [-0.56, 104.9, 143.67, 1.53, 3.63, 3.18, 43.84, -2.54, 117.18, 140.0, 6.5, 5.15, -11.16, 66.42]
	med: [2.46, 102.83, 145.46, 1.32, -10.81, 2.9, 25.17, -1.58, 129.55, 142.38, 6.24, -8.61, -5.62, 91.88]
episode_states shape: torch.Size([53469, 14])
	max: [0.35, 0.4, 2.93, 0.67, 0.79, 0.18, 98.45, 0.53, 0.26, 2.97, 0.22, 1.04, 1.67, 100.47]
	min: [-0.31, -1.03, 1.95, -0.23, -1.52, -0.86, 53.18, -0.27, -0.99, 1.66, -0.97, -0.8, -0.37, 25.71]
	mean: [-0.03, -0.29, 2.59, 0.02, -0.07, -0.12, 66.55, 0.06, -0.33, 2.43, -0.02, 0.14, 0.2, 60.09]
	med: [-0.04, -0.29, 2.61, -0.01, -0.11, -0.1, 57.21, 0.05, -0.32, 2.51, -0.0, 0.19, 0.13, 64.67]
--------------------------------------------------


--------------------------------------------------
15
episode_actions shape: torch.Size([1023, 14])
	max: [10.63, 126.3, 152.14, 7.82, -17.4, 10.63, 83.5, 5.36, 129.29, 156.53, 7.29, 24.61, -6.42, 101.52]
	min: [-4.04, 79.8, 143.26, -0.88, -40.52, 0.79, 2.38, -7.12, 87.98, 121.2, 5.54, -15.38, -40.25, 1.02]
	mean: [2.13, 105.99, 149.45, 2.85, -22.9, 2.06, 33.04, -1.94, 112.15, 143.38, 6.23, 2.98, -18.05, 62.96]
	med: [2.81, 109.51, 150.47, 2.2, -22.41, 0.97, 8.33, -2.72, 114.52, 145.46, 5.98, 2.46, -11.6, 87.99]
episode_states shape: torch.Size([53469, 14])
	max: [0.35, 0.4, 2.93, 0.67, 0.79, 0.18, 98.45, 0.53, 0.26, 2.97, 0.22, 1.04, 1.67, 100.47]
	min: [-0.31, -1.03, 1.95, -0.23, -1.52, -0.86, 53.18, -0.27, -0.99, 1.66, -0.97, -0.8, -0.37, 25.71]
	mean: [-0.03, -0.29, 2.59, 0.02, -0.07, -0.12, 66.55, 0.06, -0.33, 2.43, -0.02, 0.14, 0.2, 60.09]
	med: [-0.04, -0.29, 2.61, -0.01, -0.11, -0.1, 57.21, 0.05, -0.32, 2.51, -0.0, 0.19, 0.13, 64.67]
--------------------------------------------------


--------------------------------------------------
16
episode_actions shape: torch.Size([979, 14])
	max: [2.2, 126.39, 156.45, 1.67, 13.36, 1.76, 101.53, 5.62, 131.66, 153.02, 0.35, 18.19, -0.7, 101.52]
	min: [-6.5, 85.96, 135.26, -0.26, -29.71, -3.43, 2.21, -5.89, 81.21, 131.13, -0.53, -21.71, -34.01, 1.18]
	mean: [-0.08, 108.19, 149.37, 0.87, -15.0, 0.29, 31.56, -0.57, 110.47, 146.59, -0.06, -4.17, -10.92, 56.91]
	med: [0.09, 111.01, 152.05, 0.7, -19.16, 0.53, 4.93, -1.58, 108.9, 147.48, 0.0, -6.24, -8.79, 60.41]
episode_states shape: torch.Size([53469, 14])
	max: [0.35, 0.4, 2.93, 0.67, 0.79, 0.18, 98.45, 0.53, 0.26, 2.97, 0.22, 1.04, 1.67, 100.47]
	min: [-0.31, -1.03, 1.95, -0.23, -1.52, -0.86, 53.18, -0.27, -0.99, 1.66, -0.97, -0.8, -0.37, 25.71]
	mean: [-0.03, -0.29, 2.59, 0.02, -0.07, -0.12, 66.55, 0.06, -0.33, 2.43, -0.02, 0.14, 0.2, 60.09]
	med: [-0.04, -0.29, 2.61, -0.01, -0.11, -0.1, 57.21, 0.05, -0.32, 2.51, -0.0, 0.19, 0.13, 64.67]
--------------------------------------------------


--------------------------------------------------
17
episode_actions shape: torch.Size([935, 14])
	max: [16.17, 131.57, 147.66, 3.08, 44.56, 49.75, 88.95, 1.14, 130.87, 150.38, 0.26, 17.4, -2.55, 84.43]
	min: [-9.67, 81.47, 118.56, -38.58, -11.87, 2.64, 2.04, -10.72, 88.33, 126.12, -0.53, -6.06, -28.04, 1.35]
	mean: [2.67, 100.33, 138.01, -25.84, 2.09, 38.63, 34.44, -4.6, 114.84, 139.97, -0.05, 2.73, -11.65, 50.76]
	med: [3.25, 100.72, 141.5, -36.56, -6.68, 43.24, 2.55, -3.08, 125.86, 140.54, 0.09, -1.93, -8.79, 70.73]
episode_states shape: torch.Size([53469, 14])
	max: [0.35, 0.4, 2.93, 0.67, 0.79, 0.18, 98.45, 0.53, 0.26, 2.97, 0.22, 1.04, 1.67, 100.47]
	min: [-0.31, -1.03, 1.95, -0.23, -1.52, -0.86, 53.18, -0.27, -0.99, 1.66, -0.97, -0.8, -0.37, 25.71]
	mean: [-0.03, -0.29, 2.59, 0.02, -0.07, -0.12, 66.55, 0.06, -0.33, 2.43, -0.02, 0.14, 0.2, 60.09]
	med: [-0.04, -0.29, 2.61, -0.01, -0.11, -0.1, 57.21, 0.05, -0.32, 2.51, -0.0, 0.19, 0.13, 64.67]
--------------------------------------------------


--------------------------------------------------
18
episode_actions shape: torch.Size([783, 14])
	max: [7.21, 123.66, 159.17, 1.32, 5.98, 8.17, 101.7, 2.81, 133.15, 158.2, 0.53, 13.62, -0.79, 92.55]
	min: [1.41, 96.59, 128.94, -0.79, -9.4, 2.11, 1.7, -7.12, 93.08, 122.96, -0.53, -12.13, -19.16, 1.35]
	mean: [4.67, 106.72, 146.31, 0.19, -7.71, 5.69, 39.52, -3.84, 113.88, 141.81, -0.04, 2.02, -8.7, 59.92]
	med: [5.45, 104.24, 147.74, 0.18, -8.7, 6.5, 3.4, -4.04, 116.02, 140.19, 0.0, 2.64, -8.96, 92.55]
episode_states shape: torch.Size([53469, 14])
	max: [0.35, 0.4, 2.93, 0.67, 0.79, 0.18, 98.45, 0.53, 0.26, 2.97, 0.22, 1.04, 1.67, 100.47]
	min: [-0.31, -1.03, 1.95, -0.23, -1.52, -0.86, 53.18, -0.27, -0.99, 1.66, -0.97, -0.8, -0.37, 25.71]
	mean: [-0.03, -0.29, 2.59, 0.02, -0.07, -0.12, 66.55, 0.06, -0.33, 2.43, -0.02, 0.14, 0.2, 60.09]
	med: [-0.04, -0.29, 2.61, -0.01, -0.11, -0.1, 57.21, 0.05, -0.32, 2.51, -0.0, 0.19, 0.13, 64.67]
--------------------------------------------------


--------------------------------------------------
19
episode_actions shape: torch.Size([1115, 14])
	max: [6.86, 125.24, 157.85, 1.58, 34.01, 23.91, 95.75, 0.09, 135.7, 155.74, 1.05, 17.84, -1.23, 74.45]
	min: [1.14, 92.37, 137.11, -0.79, -12.57, 2.55, 1.7, -13.27, 96.42, 124.01, -0.79, -12.22, -22.5, 1.18]
	mean: [5.07, 113.35, 148.05, 0.02, -0.11, 10.31, 30.16, -5.32, 114.15, 141.13, 0.23, 2.3, -6.86, 47.52]
	med: [5.62, 115.66, 148.71, -0.26, -4.83, 7.56, 1.7, -4.39, 107.67, 143.44, 0.18, 11.16, -3.08, 73.1]
episode_states shape: torch.Size([53469, 14])
	max: [0.35, 0.4, 2.93, 0.67, 0.79, 0.18, 98.45, 0.53, 0.26, 2.97, 0.22, 1.04, 1.67, 100.47]
	min: [-0.31, -1.03, 1.95, -0.23, -1.52, -0.86, 53.18, -0.27, -0.99, 1.66, -0.97, -0.8, -0.37, 25.71]
	mean: [-0.03, -0.29, 2.59, 0.02, -0.07, -0.12, 66.55, 0.06, -0.33, 2.43, -0.02, 0.14, 0.2, 60.09]
	med: [-0.04, -0.29, 2.61, -0.01, -0.11, -0.1, 57.21, 0.05, -0.32, 2.51, -0.0, 0.19, 0.13, 64.67]
--------------------------------------------------


--------------------------------------------------
20
episode_actions shape: torch.Size([719, 14])
	max: [7.73, 127.71, 154.51, 1.93, 7.65, 8.61, 95.75, -1.76, 129.02, 151.08, 0.18, 17.58, -1.41, 88.66]
	min: [-1.14, 86.4, 142.29, 0.44, -24.61, 0.97, 2.55, -11.34, 91.49, 118.48, -0.7, -18.9, -31.55, 1.35]
	mean: [5.47, 109.52, 148.12, 1.01, -4.85, 6.89, 37.79, -5.93, 112.17, 140.55, -0.16, -0.69, -11.58, 54.85]
	med: [6.77, 110.3, 148.1, 0.97, -5.01, 7.82, 3.06, -5.62, 108.19, 145.63, -0.09, 3.08, -6.15, 88.49]
episode_states shape: torch.Size([53469, 14])
	max: [0.35, 0.4, 2.93, 0.67, 0.79, 0.18, 98.45, 0.53, 0.26, 2.97, 0.22, 1.04, 1.67, 100.47]
	min: [-0.31, -1.03, 1.95, -0.23, -1.52, -0.86, 53.18, -0.27, -0.99, 1.66, -0.97, -0.8, -0.37, 25.71]
	mean: [-0.03, -0.29, 2.59, 0.02, -0.07, -0.12, 66.55, 0.06, -0.33, 2.43, -0.02, 0.14, 0.2, 60.09]
	med: [-0.04, -0.29, 2.61, -0.01, -0.11, -0.1, 57.21, 0.05, -0.32, 2.51, -0.0, 0.19, 0.13, 64.67]
--------------------------------------------------


--------------------------------------------------
21
episode_actions shape: torch.Size([725, 14])
	max: [8.53, 126.74, 160.22, 1.05, 11.6, 6.68, 82.31, -1.05, 134.03, 153.98, 1.93, 27.95, -0.88, 93.23]
	min: [-3.78, 99.84, 131.57, -12.66, -17.31, 4.75, 1.7, -13.8, 86.84, 113.55, -0.7, -24.08, -37.88, 1.35]
	mean: [2.7, 110.54, 144.24, -3.86, 5.86, 6.33, 27.29, -9.38, 110.22, 138.38, 0.39, 6.22, -17.56, 55.19]
	med: [1.05, 109.95, 143.7, -3.16, 10.63, 6.59, 1.87, -8.7, 104.5, 140.71, -0.09, 20.83, -17.05, 79.53]
episode_states shape: torch.Size([53469, 14])
	max: [0.35, 0.4, 2.93, 0.67, 0.79, 0.18, 98.45, 0.53, 0.26, 2.97, 0.22, 1.04, 1.67, 100.47]
	min: [-0.31, -1.03, 1.95, -0.23, -1.52, -0.86, 53.18, -0.27, -0.99, 1.66, -0.97, -0.8, -0.37, 25.71]
	mean: [-0.03, -0.29, 2.59, 0.02, -0.07, -0.12, 66.55, 0.06, -0.33, 2.43, -0.02, 0.14, 0.2, 60.09]
	med: [-0.04, -0.29, 2.61, -0.01, -0.11, -0.1, 57.21, 0.05, -0.32, 2.51, -0.0, 0.19, 0.13, 64.67]
--------------------------------------------------


--------------------------------------------------
22
episode_actions shape: torch.Size([824, 14])
	max: [9.93, 125.07, 158.2, 1.41, 5.45, 16.17, 101.87, 1.32, 136.32, 155.13, 0.44, 9.76, -1.93, 101.52]
	min: [-3.34, 87.54, 131.75, -0.53, -20.74, 2.37, 1.87, -12.92, 90.09, 125.51, -0.7, -7.21, -30.94, 1.02]
	mean: [4.88, 107.37, 147.23, 0.18, -9.81, 11.22, 37.0, -6.17, 115.43, 141.78, 0.11, 1.91, -12.57, 61.01]
	med: [6.24, 106.7, 148.71, 0.0, -9.14, 14.24, 2.72, -5.89, 110.04, 143.0, 0.26, 5.01, -9.49, 98.82]
episode_states shape: torch.Size([53469, 14])
	max: [0.35, 0.4, 2.93, 0.67, 0.79, 0.18, 98.45, 0.53, 0.26, 2.97, 0.22, 1.04, 1.67, 100.47]
	min: [-0.31, -1.03, 1.95, -0.23, -1.52, -0.86, 53.18, -0.27, -0.99, 1.66, -0.97, -0.8, -0.37, 25.71]
	mean: [-0.03, -0.29, 2.59, 0.02, -0.07, -0.12, 66.55, 0.06, -0.33, 2.43, -0.02, 0.14, 0.2, 60.09]
	med: [-0.04, -0.29, 2.61, -0.01, -0.11, -0.1, 57.21, 0.05, -0.32, 2.51, -0.0, 0.19, 0.13, 64.67]
--------------------------------------------------


--------------------------------------------------
23
episode_actions shape: torch.Size([801, 14])
	max: [8.88, 127.18, 156.27, 1.41, 5.98, 11.16, 90.82, -3.87, 133.68, 152.31, 2.29, 31.99, 0.7, 101.86]
	min: [-0.62, 90.35, 131.75, -0.53, -15.82, 1.93, 1.7, -18.72, 87.45, 113.91, -0.7, -31.11, -34.54, 1.35]
	mean: [4.4, 112.66, 146.38, 0.22, -3.44, 7.14, 27.05, -8.27, 110.52, 139.56, 0.14, 5.36, -13.79, 50.25]
	med: [5.27, 113.47, 147.48, -0.18, -1.58, 8.44, 1.87, -7.03, 110.48, 146.25, 0.0, 4.92, -10.9, 73.77]
episode_states shape: torch.Size([53469, 14])
	max: [0.35, 0.4, 2.93, 0.67, 0.79, 0.18, 98.45, 0.53, 0.26, 2.97, 0.22, 1.04, 1.67, 100.47]
	min: [-0.31, -1.03, 1.95, -0.23, -1.52, -0.86, 53.18, -0.27, -0.99, 1.66, -0.97, -0.8, -0.37, 25.71]
	mean: [-0.03, -0.29, 2.59, 0.02, -0.07, -0.12, 66.55, 0.06, -0.33, 2.43, -0.02, 0.14, 0.2, 60.09]
	med: [-0.04, -0.29, 2.61, -0.01, -0.11, -0.1, 57.21, 0.05, -0.32, 2.51, -0.0, 0.19, 0.13, 64.67]
--------------------------------------------------


--------------------------------------------------
24
episode_actions shape: torch.Size([988, 14])
	max: [9.84, 124.37, 157.24, 1.41, -14.33, 8.88, 101.7, -0.09, 134.65, 157.85, 1.67, 49.31, -1.23, 101.52]
	min: [-2.37, 83.5, 138.6, -0.35, -36.39, -0.62, 1.7, -22.06, 89.38, 108.11, -1.23, -12.74, -39.29, 1.35]
	mean: [4.68, 106.41, 148.34, 0.66, -18.03, 6.28, 31.01, -8.37, 110.06, 135.94, 0.09, 17.58, -11.2, 62.88]
	med: [6.15, 107.05, 148.71, 0.53, -18.02, 7.47, 2.38, -7.47, 103.1, 142.47, 0.18, 14.24, -7.21, 94.92]
episode_states shape: torch.Size([53469, 14])
	max: [0.35, 0.4, 2.93, 0.67, 0.79, 0.18, 98.45, 0.53, 0.26, 2.97, 0.22, 1.04, 1.67, 100.47]
	min: [-0.31, -1.03, 1.95, -0.23, -1.52, -0.86, 53.18, -0.27, -0.99, 1.66, -0.97, -0.8, -0.37, 25.71]
	mean: [-0.03, -0.29, 2.59, 0.02, -0.07, -0.12, 66.55, 0.06, -0.33, 2.43, -0.02, 0.14, 0.2, 60.09]
	med: [-0.04, -0.29, 2.61, -0.01, -0.11, -0.1, 57.21, 0.05, -0.32, 2.51, -0.0, 0.19, 0.13, 64.67]
--------------------------------------------------


--------------------------------------------------
25
episode_actions shape: torch.Size([1009, 14])
	max: [3.08, 133.59, 152.75, 1.49, -2.64, 10.9, 86.05, 5.27, 136.41, 153.72, 0.7, 41.57, 1.58, 89.0]
	min: [-5.62, 85.69, 134.91, -0.7, -24.79, -0.53, 1.7, -6.5, 97.73, 116.28, -0.88, -10.37, -24.96, 1.35]
	mean: [0.17, 110.52, 146.19, 0.0, -9.61, 5.9, 28.14, -3.3, 118.53, 138.4, -0.14, 17.25, -7.89, 46.02]
	med: [0.53, 112.68, 147.13, -0.35, -6.77, 7.73, 1.87, -2.9, 111.88, 144.67, -0.18, 16.88, -6.24, 70.9]
episode_states shape: torch.Size([53469, 14])
	max: [0.35, 0.4, 2.93, 0.67, 0.79, 0.18, 98.45, 0.53, 0.26, 2.97, 0.22, 1.04, 1.67, 100.47]
	min: [-0.31, -1.03, 1.95, -0.23, -1.52, -0.86, 53.18, -0.27, -0.99, 1.66, -0.97, -0.8, -0.37, 25.71]
	mean: [-0.03, -0.29, 2.59, 0.02, -0.07, -0.12, 66.55, 0.06, -0.33, 2.43, -0.02, 0.14, 0.2, 60.09]
	med: [-0.04, -0.29, 2.61, -0.01, -0.11, -0.1, 57.21, 0.05, -0.32, 2.51, -0.0, 0.19, 0.13, 64.67]
--------------------------------------------------


--------------------------------------------------
26
episode_actions shape: torch.Size([854, 14])
	max: [3.69, 132.54, 156.01, 1.41, -5.36, 10.11, 102.04, 2.11, 128.23, 157.76, 0.35, 16.96, 1.85, 101.86]
	min: [-3.16, 91.05, 137.55, -0.53, -15.12, -1.41, 1.7, -5.01, 93.08, 126.56, -0.62, -5.27, -22.41, 1.35]
	mean: [-0.27, 110.18, 148.63, 0.33, -12.35, 5.6, 39.64, -2.15, 114.15, 140.43, -0.03, 2.26, -5.87, 64.45]
	med: [-1.58, 108.63, 150.12, 0.18, -13.27, 7.29, 2.21, -2.55, 121.46, 136.85, 0.0, -1.93, -5.27, 93.91]
episode_states shape: torch.Size([53469, 14])
	max: [0.35, 0.4, 2.93, 0.67, 0.79, 0.18, 98.45, 0.53, 0.26, 2.97, 0.22, 1.04, 1.67, 100.47]
	min: [-0.31, -1.03, 1.95, -0.23, -1.52, -0.86, 53.18, -0.27, -0.99, 1.66, -0.97, -0.8, -0.37, 25.71]
	mean: [-0.03, -0.29, 2.59, 0.02, -0.07, -0.12, 66.55, 0.06, -0.33, 2.43, -0.02, 0.14, 0.2, 60.09]
	med: [-0.04, -0.29, 2.61, -0.01, -0.11, -0.1, 57.21, 0.05, -0.32, 2.51, -0.0, 0.19, 0.13, 64.67]
--------------------------------------------------


--------------------------------------------------
27
episode_actions shape: torch.Size([864, 14])
	max: [6.86, 122.96, 153.9, 1.49, 3.87, 8.7, 101.19, -0.09, 134.47, 154.69, 0.44, 29.44, 0.53, 94.75]
	min: [-2.02, 82.62, 130.96, -0.79, -35.77, 0.0, 1.7, -9.32, 89.12, 118.39, -0.79, -9.49, -29.53, 1.02]
	mean: [2.72, 110.33, 143.57, 0.35, -4.98, 6.08, 27.29, -4.3, 113.91, 142.2, -0.04, 5.66, -8.82, 55.14]
	med: [3.08, 112.59, 142.65, 0.18, 1.76, 6.77, 1.87, -4.04, 114.7, 145.11, 0.09, -2.02, -7.29, 78.0]
episode_states shape: torch.Size([53469, 14])
	max: [0.35, 0.4, 2.93, 0.67, 0.79, 0.18, 98.45, 0.53, 0.26, 2.97, 0.22, 1.04, 1.67, 100.47]
	min: [-0.31, -1.03, 1.95, -0.23, -1.52, -0.86, 53.18, -0.27, -0.99, 1.66, -0.97, -0.8, -0.37, 25.71]
	mean: [-0.03, -0.29, 2.59, 0.02, -0.07, -0.12, 66.55, 0.06, -0.33, 2.43, -0.02, 0.14, 0.2, 60.09]
	med: [-0.04, -0.29, 2.61, -0.01, -0.11, -0.1, 57.21, 0.05, -0.32, 2.51, -0.0, 0.19, 0.13, 64.67]
--------------------------------------------------


--------------------------------------------------
28
episode_actions shape: torch.Size([721, 14])
	max: [6.86, 123.49, 148.97, 2.29, 25.22, 13.45, 102.55, 0.88, 126.83, 155.92, 0.26, 27.42, 0.62, 85.79]
	min: [-0.26, 85.96, 117.6, -0.26, -8.79, 1.23, 1.87, -7.29, 94.22, 118.48, -0.97, -18.28, -27.33, 1.35]
	mean: [3.91, 102.75, 133.94, 0.75, 11.79, 7.16, 30.49, -4.28, 111.72, 142.26, -0.2, 5.0, -9.32, 52.57]
	med: [3.96, 102.3, 133.86, 0.35, 20.65, 7.03, 2.72, -3.25, 111.62, 145.28, -0.18, 4.57, -6.42, 81.73]
episode_states shape: torch.Size([53469, 14])
	max: [0.35, 0.4, 2.93, 0.67, 0.79, 0.18, 98.45, 0.53, 0.26, 2.97, 0.22, 1.04, 1.67, 100.47]
	min: [-0.31, -1.03, 1.95, -0.23, -1.52, -0.86, 53.18, -0.27, -0.99, 1.66, -0.97, -0.8, -0.37, 25.71]
	mean: [-0.03, -0.29, 2.59, 0.02, -0.07, -0.12, 66.55, 0.06, -0.33, 2.43, -0.02, 0.14, 0.2, 60.09]
	med: [-0.04, -0.29, 2.61, -0.01, -0.11, -0.1, 57.21, 0.05, -0.32, 2.51, -0.0, 0.19, 0.13, 64.67]
--------------------------------------------------


--------------------------------------------------
29
episode_actions shape: torch.Size([853, 14])
	max: [9.14, 121.82, 157.06, 2.37, 18.72, 16.79, 87.93, -0.18, 128.58, 147.48, 2.11, 47.02, -1.32, 101.35]
	min: [-1.32, 94.13, 126.47, -0.09, -12.48, 0.44, 1.7, -12.92, 81.56, 107.05, -1.23, -18.72, -36.39, 1.02]
	mean: [5.72, 111.67, 142.36, 0.75, 6.25, 8.93, 23.3, -7.86, 107.38, 134.76, 0.46, 15.85, -15.82, 51.1]
	med: [5.45, 110.13, 144.93, 0.53, 9.76, 9.49, 1.7, -9.32, 104.77, 140.98, -0.26, 19.6, -12.74, 70.22]
episode_states shape: torch.Size([53469, 14])
	max: [0.35, 0.4, 2.93, 0.67, 0.79, 0.18, 98.45, 0.53, 0.26, 2.97, 0.22, 1.04, 1.67, 100.47]
	min: [-0.31, -1.03, 1.95, -0.23, -1.52, -0.86, 53.18, -0.27, -0.99, 1.66, -0.97, -0.8, -0.37, 25.71]
	mean: [-0.03, -0.29, 2.59, 0.02, -0.07, -0.12, 66.55, 0.06, -0.33, 2.43, -0.02, 0.14, 0.2, 60.09]
	med: [-0.04, -0.29, 2.61, -0.01, -0.11, -0.1, 57.21, 0.05, -0.32, 2.51, -0.0, 0.19, 0.13, 64.67]
--------------------------------------------------


--------------------------------------------------
30
episode_actions shape: torch.Size([732, 14])
	max: [4.92, 126.65, 158.91, 1.76, -3.87, 10.99, 97.62, -1.67, 124.1, 145.02, 2.29, 42.36, -2.11, 92.39]
	min: [-1.05, 89.82, 140.19, -0.18, -22.32, -0.26, 1.7, -10.37, 90.35, 106.7, -0.79, -17.23, -40.61, 1.35]
	mean: [3.7, 114.74, 151.7, 0.43, -11.29, 6.57, 27.98, -6.0, 106.27, 132.37, 0.49, 15.69, -18.71, 52.47]
	med: [4.57, 118.12, 154.34, 0.09, -9.32, 7.38, 3.23, -5.8, 99.32, 137.46, -0.35, 27.25, -18.54, 76.82]
episode_states shape: torch.Size([53469, 14])
	max: [0.35, 0.4, 2.93, 0.67, 0.79, 0.18, 98.45, 0.53, 0.26, 2.97, 0.22, 1.04, 1.67, 100.47]
	min: [-0.31, -1.03, 1.95, -0.23, -1.52, -0.86, 53.18, -0.27, -0.99, 1.66, -0.97, -0.8, -0.37, 25.71]
	mean: [-0.03, -0.29, 2.59, 0.02, -0.07, -0.12, 66.55, 0.06, -0.33, 2.43, -0.02, 0.14, 0.2, 60.09]
	med: [-0.04, -0.29, 2.61, -0.01, -0.11, -0.1, 57.21, 0.05, -0.32, 2.51, -0.0, 0.19, 0.13, 64.67]
--------------------------------------------------


--------------------------------------------------
31
episode_actions shape: torch.Size([796, 14])
	max: [7.38, 121.2, 155.39, 2.29, -2.2, 11.6, 101.7, -1.23, 121.82, 147.74, -0.09, 42.1, -1.76, 101.52]
	min: [-2.29, 91.49, 143.61, 0.26, -28.74, 0.79, 1.87, -10.37, 87.54, 102.66, -1.85, -14.68, -31.2, 0.85]
	mean: [3.65, 109.62, 149.44, 0.88, -12.67, 7.41, 40.99, -4.41, 108.39, 135.36, -0.53, 9.0, -11.23, 64.45]
	med: [4.92, 112.94, 149.59, 0.7, -11.69, 8.44, 1.87, -3.69, 115.49, 140.54, -0.35, 2.72, -3.69, 97.29]
episode_states shape: torch.Size([53469, 14])
	max: [0.35, 0.4, 2.93, 0.67, 0.79, 0.18, 98.45, 0.53, 0.26, 2.97, 0.22, 1.04, 1.67, 100.47]
	min: [-0.31, -1.03, 1.95, -0.23, -1.52, -0.86, 53.18, -0.27, -0.99, 1.66, -0.97, -0.8, -0.37, 25.71]
	mean: [-0.03, -0.29, 2.59, 0.02, -0.07, -0.12, 66.55, 0.06, -0.33, 2.43, -0.02, 0.14, 0.2, 60.09]
	med: [-0.04, -0.29, 2.61, -0.01, -0.11, -0.1, 57.21, 0.05, -0.32, 2.51, -0.0, 0.19, 0.13, 64.67]
--------------------------------------------------


--------------------------------------------------
32
episode_actions shape: torch.Size([793, 14])
	max: [7.03, 134.21, 154.16, 1.85, 25.22, 13.18, 102.38, 1.23, 123.13, 151.0, 0.0, 35.07, -2.11, 80.71]
	min: [-3.6, 97.21, 135.09, 0.09, -18.54, 6.06, 1.7, -7.91, 91.76, 107.84, -1.49, -17.93, -32.43, 1.18]
	mean: [1.62, 117.74, 146.92, 0.95, 7.75, 10.27, 35.57, -2.98, 110.27, 136.31, -0.47, 8.27, -11.7, 50.49]
	med: [2.2, 117.6, 147.3, 0.97, 12.3, 11.07, 1.7, -2.55, 114.43, 141.42, -0.44, 17.75, -5.8, 76.14]
episode_states shape: torch.Size([53469, 14])
	max: [0.35, 0.4, 2.93, 0.67, 0.79, 0.18, 98.45, 0.53, 0.26, 2.97, 0.22, 1.04, 1.67, 100.47]
	min: [-0.31, -1.03, 1.95, -0.23, -1.52, -0.86, 53.18, -0.27, -0.99, 1.66, -0.97, -0.8, -0.37, 25.71]
	mean: [-0.03, -0.29, 2.59, 0.02, -0.07, -0.12, 66.55, 0.06, -0.33, 2.43, -0.02, 0.14, 0.2, 60.09]
	med: [-0.04, -0.29, 2.61, -0.01, -0.11, -0.1, 57.21, 0.05, -0.32, 2.51, -0.0, 0.19, 0.13, 64.67]
--------------------------------------------------


--------------------------------------------------
33
episode_actions shape: torch.Size([694, 14])
	max: [2.2, 114.96, 168.05, 2.2, -21.62, 7.12, 96.77, 1.23, 129.99, 161.54, -10.9, 16.17, 10.02, 92.22]
	min: [-0.62, 67.68, 146.87, -1.58, -87.98, 2.9, 11.22, -5.45, 92.81, 123.84, -11.78, -15.29, -6.77, 0.85]
	mean: [0.95, 98.97, 154.64, -0.52, -41.39, 5.1, 40.07, -2.28, 117.83, 148.67, -11.19, -5.78, 3.62, 59.31]
	med: [1.23, 100.63, 153.46, -1.05, -34.19, 5.19, 15.65, -2.29, 126.47, 150.91, -11.07, -13.01, 6.33, 92.05]
episode_states shape: torch.Size([53469, 14])
	max: [0.35, 0.4, 2.93, 0.67, 0.79, 0.18, 98.45, 0.53, 0.26, 2.97, 0.22, 1.04, 1.67, 100.47]
	min: [-0.31, -1.03, 1.95, -0.23, -1.52, -0.86, 53.18, -0.27, -0.99, 1.66, -0.97, -0.8, -0.37, 25.71]
	mean: [-0.03, -0.29, 2.59, 0.02, -0.07, -0.12, 66.55, 0.06, -0.33, 2.43, -0.02, 0.14, 0.2, 60.09]
	med: [-0.04, -0.29, 2.61, -0.01, -0.11, -0.1, 57.21, 0.05, -0.32, 2.51, -0.0, 0.19, 0.13, 64.67]
--------------------------------------------------


--------------------------------------------------
34
episode_actions shape: torch.Size([618, 14])
	max: [3.34, 117.6, 166.9, 1.85, -15.91, 7.29, 102.04, -0.44, 113.91, 161.02, -10.72, 9.58, 8.7, 64.97]
	min: [-2.81, 90.97, 147.22, 0.26, -38.32, 3.78, 19.9, -4.75, 86.31, 121.03, -12.57, -45.7, -13.36, 0.85]
	mean: [1.36, 103.21, 157.04, 0.79, -26.39, 6.44, 45.02, -2.62, 105.49, 150.49, -11.14, -18.84, 0.22, 39.74]
	med: [2.72, 100.81, 155.92, 0.7, -25.75, 7.03, 22.45, -2.81, 110.13, 156.97, -10.81, -10.46, 3.16, 64.81]
episode_states shape: torch.Size([53469, 14])
	max: [0.35, 0.4, 2.93, 0.67, 0.79, 0.18, 98.45, 0.53, 0.26, 2.97, 0.22, 1.04, 1.67, 100.47]
	min: [-0.31, -1.03, 1.95, -0.23, -1.52, -0.86, 53.18, -0.27, -0.99, 1.66, -0.97, -0.8, -0.37, 25.71]
	mean: [-0.03, -0.29, 2.59, 0.02, -0.07, -0.12, 66.55, 0.06, -0.33, 2.43, -0.02, 0.14, 0.2, 60.09]
	med: [-0.04, -0.29, 2.61, -0.01, -0.11, -0.1, 57.21, 0.05, -0.32, 2.51, -0.0, 0.19, 0.13, 64.67]
--------------------------------------------------


--------------------------------------------------
35
episode_actions shape: torch.Size([828, 14])
	max: [3.43, 118.56, 158.47, 0.53, 6.06, 6.68, 77.55, 3.34, 127.09, 156.71, 0.26, 24.52, -0.62, 81.73]
	min: [-3.08, 80.24, 141.42, -1.85, -29.09, 1.32, 2.04, -6.15, 92.81, 120.15, -1.41, -27.42, -26.46, 1.02]
	mean: [0.99, 99.46, 148.11, -0.21, -18.55, 5.35, 30.06, -0.32, 114.68, 148.33, -0.35, -3.46, -9.16, 53.7]
	med: [1.23, 99.4, 148.89, 0.18, -21.01, 5.62, 8.67, -0.7, 118.3, 153.28, -0.53, 8.88, -4.75, 81.56]
episode_states shape: torch.Size([53469, 14])
	max: [0.35, 0.4, 2.93, 0.67, 0.79, 0.18, 98.45, 0.53, 0.26, 2.97, 0.22, 1.04, 1.67, 100.47]
	min: [-0.31, -1.03, 1.95, -0.23, -1.52, -0.86, 53.18, -0.27, -0.99, 1.66, -0.97, -0.8, -0.37, 25.71]
	mean: [-0.03, -0.29, 2.59, 0.02, -0.07, -0.12, 66.55, 0.06, -0.33, 2.43, -0.02, 0.14, 0.2, 60.09]
	med: [-0.04, -0.29, 2.61, -0.01, -0.11, -0.1, 57.21, 0.05, -0.32, 2.51, -0.0, 0.19, 0.13, 64.67]
--------------------------------------------------


--------------------------------------------------
36
episode_actions shape: torch.Size([585, 14])
	max: [5.27, 119.97, 162.95, 3.43, -24.87, 8.35, 84.52, 1.58, 121.2, 161.02, 0.79, 35.6, -0.97, 69.71]
	min: [-1.76, 81.47, 147.22, -0.26, -47.02, 3.25, 1.19, -5.98, 85.52, 109.69, -1.32, -39.11, -21.36, 1.18]
	mean: [2.51, 102.33, 157.06, 1.34, -31.37, 5.87, 30.78, -1.65, 107.95, 145.44, -0.19, -2.24, -9.84, 43.72]
	med: [2.72, 102.48, 157.24, 1.23, -28.21, 6.15, 2.04, -2.2, 110.39, 155.92, -0.88, 5.19, -5.62, 65.65]
episode_states shape: torch.Size([53469, 14])
	max: [0.35, 0.4, 2.93, 0.67, 0.79, 0.18, 98.45, 0.53, 0.26, 2.97, 0.22, 1.04, 1.67, 100.47]
	min: [-0.31, -1.03, 1.95, -0.23, -1.52, -0.86, 53.18, -0.27, -0.99, 1.66, -0.97, -0.8, -0.37, 25.71]
	mean: [-0.03, -0.29, 2.59, 0.02, -0.07, -0.12, 66.55, 0.06, -0.33, 2.43, -0.02, 0.14, 0.2, 60.09]
	med: [-0.04, -0.29, 2.61, -0.01, -0.11, -0.1, 57.21, 0.05, -0.32, 2.51, -0.0, 0.19, 0.13, 64.67]
--------------------------------------------------


--------------------------------------------------
37
episode_actions shape: torch.Size([874, 14])
	max: [17.31, 124.72, 157.68, 3.78, 20.92, 17.75, 99.32, 1.14, 122.78, 149.33, 0.88, 30.67, -2.11, 68.02]
	min: [-3.78, 83.5, 137.46, -1.41, -33.66, -0.09, 1.87, -8.7, 87.36, 110.39, -0.88, -26.37, -23.82, 0.85]
	mean: [3.77, 102.78, 150.73, 0.62, -15.78, 4.95, 41.1, -3.66, 110.77, 140.79, -0.03, -5.45, -8.45, 47.3]
	med: [3.96, 102.3, 152.75, 0.35, -27.42, 3.43, 44.73, -2.72, 116.98, 145.28, -0.26, -26.28, -3.52, 65.99]
episode_states shape: torch.Size([53469, 14])
	max: [0.35, 0.4, 2.93, 0.67, 0.79, 0.18, 98.45, 0.53, 0.26, 2.97, 0.22, 1.04, 1.67, 100.47]
	min: [-0.31, -1.03, 1.95, -0.23, -1.52, -0.86, 53.18, -0.27, -0.99, 1.66, -0.97, -0.8, -0.37, 25.71]
	mean: [-0.03, -0.29, 2.59, 0.02, -0.07, -0.12, 66.55, 0.06, -0.33, 2.43, -0.02, 0.14, 0.2, 60.09]
	med: [-0.04, -0.29, 2.61, -0.01, -0.11, -0.1, 57.21, 0.05, -0.32, 2.51, -0.0, 0.19, 0.13, 64.67]
--------------------------------------------------


--------------------------------------------------
38
episode_actions shape: torch.Size([647, 14])
	max: [6.5, 123.49, 160.66, 3.25, -12.83, 7.47, 86.73, 5.27, 122.61, 153.81, 0.53, 38.23, -1.67, 66.67]
	min: [-4.75, 87.63, 149.24, -0.44, -31.2, 2.46, 2.04, -6.33, 80.86, 102.92, -2.02, -29.36, -18.54, 1.35]
	mean: [1.64, 105.46, 154.35, 1.03, -18.84, 5.33, 38.26, -1.4, 109.0, 140.71, -0.85, -0.03, -8.63, 42.29]
	med: [1.67, 104.85, 153.11, 0.79, -14.41, 5.54, 16.5, -1.32, 118.83, 149.85, -1.05, -1.49, -4.92, 59.56]
episode_states shape: torch.Size([53469, 14])
	max: [0.35, 0.4, 2.93, 0.67, 0.79, 0.18, 98.45, 0.53, 0.26, 2.97, 0.22, 1.04, 1.67, 100.47]
	min: [-0.31, -1.03, 1.95, -0.23, -1.52, -0.86, 53.18, -0.27, -0.99, 1.66, -0.97, -0.8, -0.37, 25.71]
	mean: [-0.03, -0.29, 2.59, 0.02, -0.07, -0.12, 66.55, 0.06, -0.33, 2.43, -0.02, 0.14, 0.2, 60.09]
	med: [-0.04, -0.29, 2.61, -0.01, -0.11, -0.1, 57.21, 0.05, -0.32, 2.51, -0.0, 0.19, 0.13, 64.67]
--------------------------------------------------


--------------------------------------------------
39
episode_actions shape: torch.Size([606, 14])
	max: [2.72, 122.52, 157.94, 2.2, 7.91, 6.42, 87.41, 7.47, 113.12, 149.41, 0.62, 43.42, 1.76, 60.91]
	min: [-5.45, 87.36, 150.29, 0.09, -25.84, 3.34, 2.04, -2.81, 79.98, 97.73, -1.05, -27.07, -21.62, 1.02]
	mean: [-0.96, 106.84, 153.12, 1.16, -13.01, 5.42, 37.07, 1.34, 104.63, 137.41, -0.2, 3.21, -7.81, 40.08]
	med: [-0.7, 109.95, 152.49, 0.97, -13.8, 5.54, 3.74, 1.76, 110.74, 145.63, -0.35, -19.86, -4.66, 59.56]
episode_states shape: torch.Size([53469, 14])
	max: [0.35, 0.4, 2.93, 0.67, 0.79, 0.18, 98.45, 0.53, 0.26, 2.97, 0.22, 1.04, 1.67, 100.47]
	min: [-0.31, -1.03, 1.95, -0.23, -1.52, -0.86, 53.18, -0.27, -0.99, 1.66, -0.97, -0.8, -0.37, 25.71]
	mean: [-0.03, -0.29, 2.59, 0.02, -0.07, -0.12, 66.55, 0.06, -0.33, 2.43, -0.02, 0.14, 0.2, 60.09]
	med: [-0.04, -0.29, 2.61, -0.01, -0.11, -0.1, 57.21, 0.05, -0.32, 2.51, -0.0, 0.19, 0.13, 64.67]
--------------------------------------------------


--------------------------------------------------
40
episode_actions shape: torch.Size([922, 14])
	max: [4.22, 126.56, 160.05, 4.31, 5.01, 8.61, 81.46, -1.14, 119.18, 149.68, 1.32, 44.65, -1.58, 91.37]
	min: [-5.45, 94.92, 145.81, 1.05, -30.41, 3.08, 1.87, -7.91, 83.67, 112.32, -0.88, -30.94, -25.14, 0.34]
	mean: [2.23, 115.71, 151.19, 1.97, 0.98, 6.28, 30.72, -3.33, 102.78, 139.31, 0.12, 0.5, -9.43, 56.3]
	med: [3.69, 119.36, 150.29, 1.93, 4.22, 6.5, 2.04, -2.81, 105.64, 142.47, -0.18, 11.87, -6.77, 75.63]
episode_states shape: torch.Size([53469, 14])
	max: [0.35, 0.4, 2.93, 0.67, 0.79, 0.18, 98.45, 0.53, 0.26, 2.97, 0.22, 1.04, 1.67, 100.47]
	min: [-0.31, -1.03, 1.95, -0.23, -1.52, -0.86, 53.18, -0.27, -0.99, 1.66, -0.97, -0.8, -0.37, 25.71]
	mean: [-0.03, -0.29, 2.59, 0.02, -0.07, -0.12, 66.55, 0.06, -0.33, 2.43, -0.02, 0.14, 0.2, 60.09]
	med: [-0.04, -0.29, 2.61, -0.01, -0.11, -0.1, 57.21, 0.05, -0.32, 2.51, -0.0, 0.19, 0.13, 64.67]
--------------------------------------------------


--------------------------------------------------
41
episode_actions shape: torch.Size([1086, 14])
	max: [6.59, 128.41, 163.21, 4.22, 14.5, 21.01, 99.15, 8.26, 125.68, 153.63, 10.2, 29.53, -3.34, 99.83]
	min: [-3.16, 82.79, 143.53, -4.13, -35.68, 1.14, 1.87, -10.11, 92.11, 112.76, -0.79, -21.18, -33.31, 0.51]
	mean: [3.38, 105.2, 152.07, 0.58, -15.3, 7.27, 42.52, -2.05, 114.23, 145.31, 1.89, 0.77, -12.35, 71.7]
	med: [3.16, 103.36, 151.44, 0.26, -20.39, 5.19, 2.72, -2.02, 123.57, 149.85, -0.26, -17.05, -7.21, 92.39]
episode_states shape: torch.Size([53469, 14])
	max: [0.35, 0.4, 2.93, 0.67, 0.79, 0.18, 98.45, 0.53, 0.26, 2.97, 0.22, 1.04, 1.67, 100.47]
	min: [-0.31, -1.03, 1.95, -0.23, -1.52, -0.86, 53.18, -0.27, -0.99, 1.66, -0.97, -0.8, -0.37, 25.71]
	mean: [-0.03, -0.29, 2.59, 0.02, -0.07, -0.12, 66.55, 0.06, -0.33, 2.43, -0.02, 0.14, 0.2, 60.09]
	med: [-0.04, -0.29, 2.61, -0.01, -0.11, -0.1, 57.21, 0.05, -0.32, 2.51, -0.0, 0.19, 0.13, 64.67]
--------------------------------------------------


--------------------------------------------------
42
episode_actions shape: torch.Size([921, 14])
	max: [8.0, 128.06, 160.66, 3.43, 16.35, 13.01, 102.72, 1.58, 131.13, 153.46, 13.27, 56.43, -5.01, 97.29]
	min: [-4.13, 92.9, 134.47, -1.58, -25.14, 0.26, 1.02, -19.69, 87.54, 98.7, 2.29, -18.98, -34.89, 1.18]
	mean: [4.98, 108.67, 148.68, 1.48, -1.75, 6.18, 38.01, -6.58, 112.29, 135.62, 6.38, 14.12, -17.13, 58.29]
	med: [5.71, 108.9, 151.17, 1.58, -5.98, 6.42, 1.87, -5.89, 122.78, 147.48, 7.38, 14.33, -13.1, 88.16]
episode_states shape: torch.Size([53469, 14])
	max: [0.35, 0.4, 2.93, 0.67, 0.79, 0.18, 98.45, 0.53, 0.26, 2.97, 0.22, 1.04, 1.67, 100.47]
	min: [-0.31, -1.03, 1.95, -0.23, -1.52, -0.86, 53.18, -0.27, -0.99, 1.66, -0.97, -0.8, -0.37, 25.71]
	mean: [-0.03, -0.29, 2.59, 0.02, -0.07, -0.12, 66.55, 0.06, -0.33, 2.43, -0.02, 0.14, 0.2, 60.09]
	med: [-0.04, -0.29, 2.61, -0.01, -0.11, -0.1, 57.21, 0.05, -0.32, 2.51, -0.0, 0.19, 0.13, 64.67]
--------------------------------------------------


--------------------------------------------------
43
episode_actions shape: torch.Size([950, 14])
	max: [8.79, 127.79, 154.86, 5.62, 30.85, 23.12, 102.38, 0.7, 128.94, 153.19, 11.25, 49.39, 0.53, 87.31]
	min: [-2.02, 92.2, 138.16, -6.77, -33.13, 2.46, 1.7, -14.06, 86.92, 99.32, -2.64, -31.73, -43.33, 1.02]
	mean: [3.47, 107.76, 145.87, -3.52, 3.56, 12.98, 35.09, -4.64, 110.71, 140.38, 1.17, 8.29, -14.64, 54.61]
	med: [1.85, 109.78, 145.46, -5.36, 4.66, 11.34, 1.87, -0.88, 117.42, 148.71, 0.97, 23.03, -4.22, 79.02]
episode_states shape: torch.Size([53469, 14])
	max: [0.35, 0.4, 2.93, 0.67, 0.79, 0.18, 98.45, 0.53, 0.26, 2.97, 0.22, 1.04, 1.67, 100.47]
	min: [-0.31, -1.03, 1.95, -0.23, -1.52, -0.86, 53.18, -0.27, -0.99, 1.66, -0.97, -0.8, -0.37, 25.71]
	mean: [-0.03, -0.29, 2.59, 0.02, -0.07, -0.12, 66.55, 0.06, -0.33, 2.43, -0.02, 0.14, 0.2, 60.09]
	med: [-0.04, -0.29, 2.61, -0.01, -0.11, -0.1, 57.21, 0.05, -0.32, 2.51, -0.0, 0.19, 0.13, 64.67]
--------------------------------------------------


--------------------------------------------------
44
episode_actions shape: torch.Size([713, 14])
	max: [8.09, 122.34, 150.47, 3.34, 17.84, 8.7, 102.38, 0.09, 119.18, 151.79, 4.83, 53.53, -3.6, 88.83]
	min: [-1.14, 90.09, 130.17, 0.88, -30.06, 0.18, 1.87, -9.67, 82.27, 96.5, -0.7, -32.96, -33.49, 1.35]
	mean: [5.34, 105.13, 142.86, 2.18, 3.38, 6.65, 32.64, -4.85, 105.25, 134.16, 1.73, 12.03, -14.72, 49.6]
	med: [6.42, 105.82, 144.93, 2.2, 3.34, 7.38, 1.87, -6.59, 105.82, 141.33, 0.44, 30.5, -8.79, 73.43]
episode_states shape: torch.Size([53469, 14])
	max: [0.35, 0.4, 2.93, 0.67, 0.79, 0.18, 98.45, 0.53, 0.26, 2.97, 0.22, 1.04, 1.67, 100.47]
	min: [-0.31, -1.03, 1.95, -0.23, -1.52, -0.86, 53.18, -0.27, -0.99, 1.66, -0.97, -0.8, -0.37, 25.71]
	mean: [-0.03, -0.29, 2.59, 0.02, -0.07, -0.12, 66.55, 0.06, -0.33, 2.43, -0.02, 0.14, 0.2, 60.09]
	med: [-0.04, -0.29, 2.61, -0.01, -0.11, -0.1, 57.21, 0.05, -0.32, 2.51, -0.0, 0.19, 0.13, 64.67]
--------------------------------------------------


--------------------------------------------------
45
episode_actions shape: torch.Size([785, 14])
	max: [10.9, 121.38, 155.74, 2.64, 1.67, 7.03, 97.62, 15.56, 124.01, 153.37, 5.36, 43.42, -5.36, 101.35]
	min: [-0.35, 85.96, 146.16, -1.23, -26.89, 1.85, 1.87, -5.89, 84.73, 102.74, 1.49, -28.12, -30.67, 1.18]
	mean: [5.46, 106.41, 151.03, 0.65, -13.55, 4.51, 30.28, 1.53, 108.92, 136.55, 3.44, 12.03, -14.16, 54.69]
	med: [6.86, 108.72, 151.17, 0.7, -12.04, 4.22, 1.87, -1.14, 109.42, 144.05, 3.6, 29.18, -9.84, 79.02]
episode_states shape: torch.Size([53469, 14])
	max: [0.35, 0.4, 2.93, 0.67, 0.79, 0.18, 98.45, 0.53, 0.26, 2.97, 0.22, 1.04, 1.67, 100.47]
	min: [-0.31, -1.03, 1.95, -0.23, -1.52, -0.86, 53.18, -0.27, -0.99, 1.66, -0.97, -0.8, -0.37, 25.71]
	mean: [-0.03, -0.29, 2.59, 0.02, -0.07, -0.12, 66.55, 0.06, -0.33, 2.43, -0.02, 0.14, 0.2, 60.09]
	med: [-0.04, -0.29, 2.61, -0.01, -0.11, -0.1, 57.21, 0.05, -0.32, 2.51, -0.0, 0.19, 0.13, 64.67]
--------------------------------------------------


--------------------------------------------------
46
episode_actions shape: torch.Size([1007, 14])
	max: [7.38, 127.79, 157.5, 3.08, 26.81, 7.12, 88.27, 1.76, 124.63, 151.0, 4.83, 43.95, -5.62, 101.18]
	min: [-13.01, 92.81, 141.06, 0.09, -29.88, 1.14, 1.53, -15.12, 82.62, 103.97, -0.18, -23.99, -35.95, 0.85]
	mean: [-1.97, 105.14, 147.99, 0.81, -5.18, 5.09, 34.13, -4.45, 106.97, 134.6, 0.98, 10.75, -14.85, 56.05]
	med: [0.26, 102.66, 147.48, 0.7, -7.21, 5.36, 1.87, -5.89, 108.98, 144.14, 0.44, 27.42, -9.67, 77.66]
episode_states shape: torch.Size([53469, 14])
	max: [0.35, 0.4, 2.93, 0.67, 0.79, 0.18, 98.45, 0.53, 0.26, 2.97, 0.22, 1.04, 1.67, 100.47]
	min: [-0.31, -1.03, 1.95, -0.23, -1.52, -0.86, 53.18, -0.27, -0.99, 1.66, -0.97, -0.8, -0.37, 25.71]
	mean: [-0.03, -0.29, 2.59, 0.02, -0.07, -0.12, 66.55, 0.06, -0.33, 2.43, -0.02, 0.14, 0.2, 60.09]
	med: [-0.04, -0.29, 2.61, -0.01, -0.11, -0.1, 57.21, 0.05, -0.32, 2.51, -0.0, 0.19, 0.13, 64.67]
--------------------------------------------------


--------------------------------------------------
47
episode_actions shape: torch.Size([671, 14])
	max: [7.29, 118.92, 157.5, 2.2, 12.13, 6.68, 102.72, 1.67, 120.94, 153.72, 3.52, 48.96, -4.31, 101.18]
	min: [-2.29, 87.19, 137.46, 0.62, -36.04, 2.29, 1.19, -10.2, 80.95, 99.49, 0.09, -27.16, -41.13, 1.02]
	mean: [3.11, 104.14, 146.33, 1.26, -4.38, 5.08, 34.71, -1.87, 108.69, 139.05, 1.4, 5.52, -15.59, 65.45]
	med: [5.45, 103.8, 145.2, 1.23, -2.11, 5.54, 1.87, 0.7, 118.04, 148.62, 0.53, -10.99, -8.96, 96.28]
episode_states shape: torch.Size([53469, 14])
	max: [0.35, 0.4, 2.93, 0.67, 0.79, 0.18, 98.45, 0.53, 0.26, 2.97, 0.22, 1.04, 1.67, 100.47]
	min: [-0.31, -1.03, 1.95, -0.23, -1.52, -0.86, 53.18, -0.27, -0.99, 1.66, -0.97, -0.8, -0.37, 25.71]
	mean: [-0.03, -0.29, 2.59, 0.02, -0.07, -0.12, 66.55, 0.06, -0.33, 2.43, -0.02, 0.14, 0.2, 60.09]
	med: [-0.04, -0.29, 2.61, -0.01, -0.11, -0.1, 57.21, 0.05, -0.32, 2.51, -0.0, 0.19, 0.13, 64.67]
--------------------------------------------------


--------------------------------------------------
48
episode_actions shape: torch.Size([862, 14])
	max: [10.37, 119.18, 158.64, 3.52, 19.34, 12.39, 102.72, 0.44, 123.05, 151.08, 5.01, 53.79, -4.31, 101.18]
	min: [-1.93, 98.79, 132.98, -1.05, -33.31, 3.25, 1.7, -17.23, 83.06, 101.07, -2.02, -22.41, -37.35, 1.18]
	mean: [3.91, 105.66, 142.71, 1.76, 9.14, 6.27, 28.77, -6.92, 102.4, 129.49, 0.82, 22.05, -16.01, 47.78]
	med: [3.87, 104.5, 140.27, 1.76, 17.14, 5.71, 2.04, -8.44, 92.9, 131.4, -0.35, 37.44, -16.17, 11.68]
episode_states shape: torch.Size([53469, 14])
	max: [0.35, 0.4, 2.93, 0.67, 0.79, 0.18, 98.45, 0.53, 0.26, 2.97, 0.22, 1.04, 1.67, 100.47]
	min: [-0.31, -1.03, 1.95, -0.23, -1.52, -0.86, 53.18, -0.27, -0.99, 1.66, -0.97, -0.8, -0.37, 25.71]
	mean: [-0.03, -0.29, 2.59, 0.02, -0.07, -0.12, 66.55, 0.06, -0.33, 2.43, -0.02, 0.14, 0.2, 60.09]
	med: [-0.04, -0.29, 2.61, -0.01, -0.11, -0.1, 57.21, 0.05, -0.32, 2.51, -0.0, 0.19, 0.13, 64.67]
--------------------------------------------------


--------------------------------------------------
49
episode_actions shape: torch.Size([723, 14])
	max: [7.29, 111.8, 149.59, 3.43, 20.21, 7.03, 91.16, 1.58, 116.98, 153.98, 2.99, 46.58, -3.78, 93.57]
	min: [-2.29, 96.59, 130.52, -1.67, -28.3, 1.41, 1.87, -10.99, 83.5, 101.69, -0.18, -35.33, -36.47, 1.35]
	mean: [5.42, 105.81, 139.95, 1.34, 13.09, 4.9, 22.58, -6.27, 101.14, 132.07, 1.0, 18.0, -18.89, 40.04]
	med: [6.06, 106.44, 140.27, 1.67, 18.37, 4.66, 1.87, -8.26, 97.65, 133.07, 1.05, 37.09, -21.8, 1.52]
episode_states shape: torch.Size([53469, 14])
	max: [0.35, 0.4, 2.93, 0.67, 0.79, 0.18, 98.45, 0.53, 0.26, 2.97, 0.22, 1.04, 1.67, 100.47]
	min: [-0.31, -1.03, 1.95, -0.23, -1.52, -0.86, 53.18, -0.27, -0.99, 1.66, -0.97, -0.8, -0.37, 25.71]
	mean: [-0.03, -0.29, 2.59, 0.02, -0.07, -0.12, 66.55, 0.06, -0.33, 2.43, -0.02, 0.14, 0.2, 60.09]
	med: [-0.04, -0.29, 2.61, -0.01, -0.11, -0.1, 57.21, 0.05, -0.32, 2.51, -0.0, 0.19, 0.13, 64.67]
--------------------------------------------------


--------------------------------------------------
50
episode_actions shape: torch.Size([902, 14])
	max: [6.77, 121.99, 156.45, 3.69, 13.18, 8.26, 99.32, -0.79, 122.17, 157.59, 4.48, 40.34, -4.04, 92.05]
	min: [-1.67, 80.95, 141.94, 0.0, -35.77, 1.85, 1.87, -16.17, 86.92, 105.29, 0.26, -42.89, -38.41, 0.85]
	mean: [3.83, 102.59, 148.77, 1.46, -11.28, 5.16, 34.61, -6.23, 107.85, 142.61, 1.61, -5.19, -14.36, 52.99]
	med: [4.66, 105.38, 149.06, 1.14, -12.74, 5.01, 2.04, -5.19, 113.73, 151.88, 0.44, -11.07, -8.35, 59.9]
episode_states shape: torch.Size([53469, 14])
	max: [0.35, 0.4, 2.93, 0.67, 0.79, 0.18, 98.45, 0.53, 0.26, 2.97, 0.22, 1.04, 1.67, 100.47]
	min: [-0.31, -1.03, 1.95, -0.23, -1.52, -0.86, 53.18, -0.27, -0.99, 1.66, -0.97, -0.8, -0.37, 25.71]
	mean: [-0.03, -0.29, 2.59, 0.02, -0.07, -0.12, 66.55, 0.06, -0.33, 2.43, -0.02, 0.14, 0.2, 60.09]
	med: [-0.04, -0.29, 2.61, -0.01, -0.11, -0.1, 57.21, 0.05, -0.32, 2.51, -0.0, 0.19, 0.13, 64.67]
--------------------------------------------------


--------------------------------------------------
51
episode_actions shape: torch.Size([797, 14])
	max: [6.86, 121.11, 155.39, 3.43, 21.27, 7.21, 102.55, -0.79, 125.24, 152.4, 2.9, 54.05, -3.96, 79.02]
	min: [-11.07, 93.43, 129.99, 0.62, -28.21, 2.02, 1.87, -10.02, 80.77, 97.38, -0.97, -32.26, -34.37, 1.18]
	mean: [0.13, 108.25, 144.12, 1.76, 6.95, 5.0, 25.43, -5.66, 104.0, 133.77, 0.63, 17.68, -15.67, 36.36]
	med: [2.02, 107.93, 147.92, 1.76, 8.26, 5.27, 1.87, -5.8, 105.56, 143.7, 0.7, 29.44, -15.91, 1.35]
episode_states shape: torch.Size([53469, 14])
	max: [0.35, 0.4, 2.93, 0.67, 0.79, 0.18, 98.45, 0.53, 0.26, 2.97, 0.22, 1.04, 1.67, 100.47]
	min: [-0.31, -1.03, 1.95, -0.23, -1.52, -0.86, 53.18, -0.27, -0.99, 1.66, -0.97, -0.8, -0.37, 25.71]
	mean: [-0.03, -0.29, 2.59, 0.02, -0.07, -0.12, 66.55, 0.06, -0.33, 2.43, -0.02, 0.14, 0.2, 60.09]
	med: [-0.04, -0.29, 2.61, -0.01, -0.11, -0.1, 57.21, 0.05, -0.32, 2.51, -0.0, 0.19, 0.13, 64.67]
--------------------------------------------------


--------------------------------------------------
52
episode_actions shape: torch.Size([569, 14])
	max: [5.01, 124.01, 152.75, 6.94, -2.29, 2.72, 101.7, -1.76, 123.13, 156.88, 2.29, 44.38, 4.75, 92.22]
	min: [-1.32, 86.66, 145.11, 2.29, -21.88, -3.69, 2.04, -6.68, 76.38, 92.37, -8.7, -32.08, -27.77, 1.18]
	mean: [2.7, 105.97, 148.11, 4.36, -11.11, 1.17, 37.27, -3.41, 106.9, 139.49, -4.65, 7.56, -8.74, 55.23]
	med: [2.72, 109.51, 147.22, 2.64, -8.7, 2.2, 2.04, -3.34, 109.34, 148.36, -7.91, 20.04, -4.92, 92.05]
episode_states shape: torch.Size([53469, 14])
	max: [0.35, 0.4, 2.93, 0.67, 0.79, 0.18, 98.45, 0.53, 0.26, 2.97, 0.22, 1.04, 1.67, 100.47]
	min: [-0.31, -1.03, 1.95, -0.23, -1.52, -0.86, 53.18, -0.27, -0.99, 1.66, -0.97, -0.8, -0.37, 25.71]
	mean: [-0.03, -0.29, 2.59, 0.02, -0.07, -0.12, 66.55, 0.06, -0.33, 2.43, -0.02, 0.14, 0.2, 60.09]
	med: [-0.04, -0.29, 2.61, -0.01, -0.11, -0.1, 57.21, 0.05, -0.32, 2.51, -0.0, 0.19, 0.13, 64.67]
--------------------------------------------------


--------------------------------------------------
53
episode_actions shape: torch.Size([733, 14])
	max: [5.71, 118.56, 156.09, 2.37, 6.33, 6.24, 86.73, 1.85, 125.51, 156.97, 1.58, 55.9, -3.96, 93.4]
	min: [-2.02, 86.75, 140.19, 0.0, -29.44, 1.41, 1.87, -7.91, 80.07, 94.04, -1.23, -45.7, -19.07, 1.18]
	mean: [3.82, 108.03, 147.68, 0.8, -3.38, 4.44, 28.06, -3.46, 104.2, 136.56, 0.22, 6.07, -9.54, 48.75]
	med: [5.45, 110.04, 146.69, 0.79, 2.2, 4.75, 2.04, -4.39, 108.02, 145.28, 0.09, 20.74, -7.29, 74.62]
episode_states shape: torch.Size([53469, 14])
	max: [0.35, 0.4, 2.93, 0.67, 0.79, 0.18, 98.45, 0.53, 0.26, 2.97, 0.22, 1.04, 1.67, 100.47]
	min: [-0.31, -1.03, 1.95, -0.23, -1.52, -0.86, 53.18, -0.27, -0.99, 1.66, -0.97, -0.8, -0.37, 25.71]
	mean: [-0.03, -0.29, 2.59, 0.02, -0.07, -0.12, 66.55, 0.06, -0.33, 2.43, -0.02, 0.14, 0.2, 60.09]
	med: [-0.04, -0.29, 2.61, -0.01, -0.11, -0.1, 57.21, 0.05, -0.32, 2.51, -0.0, 0.19, 0.13, 64.67]
--------------------------------------------------


--------------------------------------------------
54
episode_actions shape: torch.Size([552, 14])
	max: [8.61, 118.92, 157.32, 2.11, 4.39, 7.29, 97.45, 1.58, 116.28, 151.79, 1.41, 47.37, -3.6, 90.19]
	min: [-1.14, 94.39, 145.9, 0.35, -33.05, -1.49, 1.87, -8.44, 77.7, 92.81, -0.97, -39.64, -33.57, 1.18]
	mean: [5.38, 110.26, 152.06, 1.28, -7.44, 5.23, 34.11, -3.99, 100.64, 133.55, 0.17, 5.81, -11.87, 48.3]
	med: [5.71, 113.99, 152.84, 1.41, -6.33, 6.33, 2.04, -5.54, 105.73, 146.07, -0.09, 17.58, -9.76, 76.48]
episode_states shape: torch.Size([53469, 14])
	max: [0.35, 0.4, 2.93, 0.67, 0.79, 0.18, 98.45, 0.53, 0.26, 2.97, 0.22, 1.04, 1.67, 100.47]
	min: [-0.31, -1.03, 1.95, -0.23, -1.52, -0.86, 53.18, -0.27, -0.99, 1.66, -0.97, -0.8, -0.37, 25.71]
	mean: [-0.03, -0.29, 2.59, 0.02, -0.07, -0.12, 66.55, 0.06, -0.33, 2.43, -0.02, 0.14, 0.2, 60.09]
	med: [-0.04, -0.29, 2.61, -0.01, -0.11, -0.1, 57.21, 0.05, -0.32, 2.51, -0.0, 0.19, 0.13, 64.67]
--------------------------------------------------


--------------------------------------------------
55
episode_actions shape: torch.Size([679, 14])
	max: [4.92, 126.04, 157.59, 2.55, 8.26, 7.56, 99.15, 2.11, 127.79, 150.91, 5.36, 29.53, -2.29, 88.66]
	min: [-2.2, 98.17, 140.8, -0.09, -23.55, 0.79, 2.04, -20.21, 84.55, 109.69, -0.18, -29.44, -36.47, 1.18]
	mean: [3.07, 110.6, 147.99, 0.74, 2.21, 4.36, 27.13, -5.2, 103.49, 136.71, 2.43, 5.63, -14.21, 44.54]
	med: [3.78, 110.92, 146.25, 0.62, 7.38, 4.31, 2.04, -5.36, 99.05, 137.37, 1.67, 21.8, -12.22, 45.85]
episode_states shape: torch.Size([53469, 14])
	max: [0.35, 0.4, 2.93, 0.67, 0.79, 0.18, 98.45, 0.53, 0.26, 2.97, 0.22, 1.04, 1.67, 100.47]
	min: [-0.31, -1.03, 1.95, -0.23, -1.52, -0.86, 53.18, -0.27, -0.99, 1.66, -0.97, -0.8, -0.37, 25.71]
	mean: [-0.03, -0.29, 2.59, 0.02, -0.07, -0.12, 66.55, 0.06, -0.33, 2.43, -0.02, 0.14, 0.2, 60.09]
	med: [-0.04, -0.29, 2.61, -0.01, -0.11, -0.1, 57.21, 0.05, -0.32, 2.51, -0.0, 0.19, 0.13, 64.67]
--------------------------------------------------


--------------------------------------------------
56
episode_actions shape: torch.Size([732, 14])
	max: [6.06, 123.57, 155.48, 3.08, 18.9, 6.94, 102.89, 5.27, 118.21, 157.68, 4.66, 43.51, -6.24, 73.6]
	min: [-3.16, 92.72, 139.13, 0.09, -24.87, -0.44, 1.7, -8.35, 81.74, 99.23, 0.97, -35.07, -33.4, 1.18]
	mean: [1.87, 111.04, 146.9, 1.19, 7.29, 4.39, 34.52, -0.89, 105.63, 139.66, 2.7, 1.87, -13.11, 42.29]
	med: [2.9, 112.59, 146.69, 0.79, 15.47, 4.22, 1.87, -2.72, 111.62, 149.33, 2.55, 17.31, -7.47, 69.71]
episode_states shape: torch.Size([53469, 14])
	max: [0.35, 0.4, 2.93, 0.67, 0.79, 0.18, 98.45, 0.53, 0.26, 2.97, 0.22, 1.04, 1.67, 100.47]
	min: [-0.31, -1.03, 1.95, -0.23, -1.52, -0.86, 53.18, -0.27, -0.99, 1.66, -0.97, -0.8, -0.37, 25.71]
	mean: [-0.03, -0.29, 2.59, 0.02, -0.07, -0.12, 66.55, 0.06, -0.33, 2.43, -0.02, 0.14, 0.2, 60.09]
	med: [-0.04, -0.29, 2.61, -0.01, -0.11, -0.1, 57.21, 0.05, -0.32, 2.51, -0.0, 0.19, 0.13, 64.67]
--------------------------------------------------


--------------------------------------------------
57
episode_actions shape: torch.Size([845, 14])
	max: [5.19, 122.52, 155.3, 2.55, 18.19, 6.24, 83.33, 2.72, 109.69, 148.54, 3.52, 32.26, -0.53, 82.23]
	min: [-6.33, 96.42, 145.11, 0.97, -32.34, 1.58, 1.87, -8.7, 79.89, 98.53, 0.97, -34.98, -28.3, 1.35]
	mean: [1.44, 116.46, 150.07, 1.84, 6.16, 5.28, 25.54, -2.25, 96.75, 130.93, 2.45, 1.41, -9.14, 38.27]
	med: [4.13, 119.27, 150.82, 1.93, 8.44, 5.8, 1.87, -3.78, 96.86, 132.54, 2.37, 12.13, -7.65, 21.66]
episode_states shape: torch.Size([53469, 14])
	max: [0.35, 0.4, 2.93, 0.67, 0.79, 0.18, 98.45, 0.53, 0.26, 2.97, 0.22, 1.04, 1.67, 100.47]
	min: [-0.31, -1.03, 1.95, -0.23, -1.52, -0.86, 53.18, -0.27, -0.99, 1.66, -0.97, -0.8, -0.37, 25.71]
	mean: [-0.03, -0.29, 2.59, 0.02, -0.07, -0.12, 66.55, 0.06, -0.33, 2.43, -0.02, 0.14, 0.2, 60.09]
	med: [-0.04, -0.29, 2.61, -0.01, -0.11, -0.1, 57.21, 0.05, -0.32, 2.51, -0.0, 0.19, 0.13, 64.67]
--------------------------------------------------


--------------------------------------------------
58
episode_actions shape: torch.Size([537, 14])
	max: [8.26, 122.26, 154.25, 2.55, 11.78, 6.59, 101.87, 0.7, 115.93, 147.22, 1.41, 44.3, -0.18, 89.34]
	min: [0.7, 97.91, 140.8, 0.7, -27.69, -1.85, 1.87, -10.37, 80.24, 96.86, -0.18, -39.29, -28.21, 1.35]
	mean: [4.77, 111.14, 148.53, 1.43, 0.38, 4.35, 40.25, -5.19, 102.78, 133.03, 0.81, 5.68, -11.2, 51.38]
	med: [4.48, 112.94, 148.89, 1.49, 6.94, 5.36, 1.87, -5.98, 106.08, 143.53, 0.79, 16.7, -9.49, 78.0]
episode_states shape: torch.Size([53469, 14])
	max: [0.35, 0.4, 2.93, 0.67, 0.79, 0.18, 98.45, 0.53, 0.26, 2.97, 0.22, 1.04, 1.67, 100.47]
	min: [-0.31, -1.03, 1.95, -0.23, -1.52, -0.86, 53.18, -0.27, -0.99, 1.66, -0.97, -0.8, -0.37, 25.71]
	mean: [-0.03, -0.29, 2.59, 0.02, -0.07, -0.12, 66.55, 0.06, -0.33, 2.43, -0.02, 0.14, 0.2, 60.09]
	med: [-0.04, -0.29, 2.61, -0.01, -0.11, -0.1, 57.21, 0.05, -0.32, 2.51, -0.0, 0.19, 0.13, 64.67]
--------------------------------------------------


--------------------------------------------------
59
episode_actions shape: torch.Size([724, 14])
	max: [8.35, 128.23, 153.81, 2.2, 7.47, 5.54, 101.7, 8.88, 120.15, 150.38, 7.03, 31.38, -3.69, 92.55]
	min: [0.44, 91.49, 143.96, 0.0, -26.81, -1.14, 1.87, -10.81, 86.4, 109.16, -0.18, -29.88, -18.11, 1.35]
	mean: [2.85, 114.55, 149.17, 1.08, -4.09, 3.14, 37.77, -2.0, 106.33, 138.44, 2.14, -0.97, -11.24, 50.99]
	med: [2.37, 119.09, 149.85, 1.23, 3.78, 3.96, 2.04, -2.55, 109.16, 141.59, 0.44, 1.58, -14.33, 77.16]
episode_states shape: torch.Size([53469, 14])
	max: [0.35, 0.4, 2.93, 0.67, 0.79, 0.18, 98.45, 0.53, 0.26, 2.97, 0.22, 1.04, 1.67, 100.47]
	min: [-0.31, -1.03, 1.95, -0.23, -1.52, -0.86, 53.18, -0.27, -0.99, 1.66, -0.97, -0.8, -0.37, 25.71]
	mean: [-0.03, -0.29, 2.59, 0.02, -0.07, -0.12, 66.55, 0.06, -0.33, 2.43, -0.02, 0.14, 0.2, 60.09]
	med: [-0.04, -0.29, 2.61, -0.01, -0.11, -0.1, 57.21, 0.05, -0.32, 2.51, -0.0, 0.19, 0.13, 64.67]
--------------------------------------------------


--------------------------------------------------
60
episode_actions shape: torch.Size([716, 14])
	max: [11.25, 125.24, 154.6, 2.11, 10.2, 5.71, 98.98, 2.55, 107.84, 148.45, 2.29, 16.7, -3.52, 71.24]
	min: [0.88, 91.23, 141.68, -0.09, -27.42, 1.76, 1.87, -13.89, 84.64, 113.99, 1.41, -36.83, -22.85, 1.35]
	mean: [6.26, 113.83, 149.02, 1.19, 1.6, 4.32, 26.27, -4.2, 97.09, 136.96, 1.73, -8.42, -10.26, 35.66]
	med: [5.98, 116.98, 148.71, 1.41, 5.1, 4.92, 2.21, -4.04, 97.03, 140.45, 1.67, 1.14, -10.28, 56.35]
episode_states shape: torch.Size([53469, 14])
	max: [0.35, 0.4, 2.93, 0.67, 0.79, 0.18, 98.45, 0.53, 0.26, 2.97, 0.22, 1.04, 1.67, 100.47]
	min: [-0.31, -1.03, 1.95, -0.23, -1.52, -0.86, 53.18, -0.27, -0.99, 1.66, -0.97, -0.8, -0.37, 25.71]
	mean: [-0.03, -0.29, 2.59, 0.02, -0.07, -0.12, 66.55, 0.06, -0.33, 2.43, -0.02, 0.14, 0.2, 60.09]
	med: [-0.04, -0.29, 2.61, -0.01, -0.11, -0.1, 57.21, 0.05, -0.32, 2.51, -0.0, 0.19, 0.13, 64.67]
--------------------------------------------------


--------------------------------------------------
61
episode_actions shape: torch.Size([716, 14])
	max: [8.88, 121.55, 156.18, 2.2, 10.2, 5.27, 97.62, 8.79, 112.76, 149.33, 2.02, 31.64, -4.39, 61.42]
	min: [-2.72, 99.93, 143.17, 0.7, -18.19, -1.32, 1.87, -9.67, 78.22, 103.01, 1.14, -39.02, -26.19, 1.02]
	mean: [2.79, 112.82, 148.94, 1.29, 4.29, 3.61, 26.53, -3.24, 97.59, 136.34, 1.57, 0.7, -13.29, 32.12]
	med: [2.81, 113.12, 148.62, 1.23, 10.11, 4.31, 1.87, -3.69, 96.42, 136.23, 1.67, 16.35, -13.1, 40.78]
episode_states shape: torch.Size([53469, 14])
	max: [0.35, 0.4, 2.93, 0.67, 0.79, 0.18, 98.45, 0.53, 0.26, 2.97, 0.22, 1.04, 1.67, 100.47]
	min: [-0.31, -1.03, 1.95, -0.23, -1.52, -0.86, 53.18, -0.27, -0.99, 1.66, -0.97, -0.8, -0.37, 25.71]
	mean: [-0.03, -0.29, 2.59, 0.02, -0.07, -0.12, 66.55, 0.06, -0.33, 2.43, -0.02, 0.14, 0.2, 60.09]
	med: [-0.04, -0.29, 2.61, -0.01, -0.11, -0.1, 57.21, 0.05, -0.32, 2.51, -0.0, 0.19, 0.13, 64.67]
--------------------------------------------------


--------------------------------------------------
62
episode_actions shape: torch.Size([647, 14])
	max: [11.69, 122.34, 160.58, 2.99, 11.78, 8.0, 100.0, -1.32, 117.77, 152.49, 1.67, 44.21, -1.67, 102.2]
	min: [-5.1, 93.87, 144.49, 0.44, -30.59, -0.26, 1.87, -11.25, 76.64, 92.64, 0.09, -33.49, -27.6, 1.02]
	mean: [6.18, 113.67, 150.69, 1.91, -0.09, 5.18, 26.74, -7.45, 97.19, 128.92, 0.91, 8.7, -12.46, 42.99]
	med: [8.26, 115.66, 148.54, 2.29, 11.6, 6.42, 2.04, -7.73, 93.16, 133.51, 1.05, 21.97, -13.01, 1.35]
episode_states shape: torch.Size([53469, 14])
	max: [0.35, 0.4, 2.93, 0.67, 0.79, 0.18, 98.45, 0.53, 0.26, 2.97, 0.22, 1.04, 1.67, 100.47]
	min: [-0.31, -1.03, 1.95, -0.23, -1.52, -0.86, 53.18, -0.27, -0.99, 1.66, -0.97, -0.8, -0.37, 25.71]
	mean: [-0.03, -0.29, 2.59, 0.02, -0.07, -0.12, 66.55, 0.06, -0.33, 2.43, -0.02, 0.14, 0.2, 60.09]
	med: [-0.04, -0.29, 2.61, -0.01, -0.11, -0.1, 57.21, 0.05, -0.32, 2.51, -0.0, 0.19, 0.13, 64.67]
--------------------------------------------------


--------------------------------------------------
63
episode_actions shape: torch.Size([565, 14])
	max: [11.69, 113.82, 147.13, 2.99, 16.7, 7.56, 83.16, -0.62, 111.18, 147.13, 1.67, 40.87, -0.53, 90.69]
	min: [-2.2, 91.49, 136.41, 0.7, -30.32, -3.16, 1.87, -13.01, 82.18, 101.78, -0.62, -33.49, -25.84, 1.35]
	mean: [4.55, 105.56, 143.17, 1.73, 5.49, 4.52, 32.52, -5.15, 100.37, 134.05, 0.65, 3.31, -11.25, 51.97]
	med: [2.46, 108.81, 143.96, 1.58, 10.55, 5.71, 1.87, -3.43, 107.05, 145.11, 0.7, 15.64, -11.6, 80.37]
episode_states shape: torch.Size([53469, 14])
	max: [0.35, 0.4, 2.93, 0.67, 0.79, 0.18, 98.45, 0.53, 0.26, 2.97, 0.22, 1.04, 1.67, 100.47]
	min: [-0.31, -1.03, 1.95, -0.23, -1.52, -0.86, 53.18, -0.27, -0.99, 1.66, -0.97, -0.8, -0.37, 25.71]
	mean: [-0.03, -0.29, 2.59, 0.02, -0.07, -0.12, 66.55, 0.06, -0.33, 2.43, -0.02, 0.14, 0.2, 60.09]
	med: [-0.04, -0.29, 2.61, -0.01, -0.11, -0.1, 57.21, 0.05, -0.32, 2.51, -0.0, 0.19, 0.13, 64.67]
--------------------------------------------------

